<?xml version="1.0" encoding="UTF-8"?>
<testng-results skipped="0" failed="0" total="1" passed="1">
  <reporter-output>
  </reporter-output>
  <suite name="Suite" duration-ms="36954" started-at="2016-04-18T12:40:32Z" finished-at="2016-04-18T12:41:09Z">
    <groups>
    </groups>
    <test name="Test" duration-ms="36954" started-at="2016-04-18T12:40:32Z" finished-at="2016-04-18T12:41:09Z">
      <class name="Basictest.Unittest">
        <test-method status="PASS" signature="f()[pri:0, instance:Basictest.Unittest@3c5a99da]" name="f" duration-ms="36928" started-at="2016-04-18T18:10:32Z" finished-at="2016-04-18T18:11:09Z">
          <reporter-output>
          </reporter-output>
        </test-method> <!-- f -->
      </class> <!-- Basictest.Unittest -->
    </test> <!-- Test -->
  </suite> <!-- Suite -->
</testng-results>
