<?xml version="1.0" encoding="UTF-8"?>
<testng-results skipped="0" failed="0" total="1" passed="1">
  <reporter-output>
  </reporter-output>
  <suite name="Default suite" duration-ms="30657" started-at="2016-04-18T11:19:11Z" finished-at="2016-04-18T11:19:42Z">
    <groups>
    </groups>
    <test name="Default test" duration-ms="30657" started-at="2016-04-18T11:19:11Z" finished-at="2016-04-18T11:19:42Z">
      <class name="Basictest.Unittest">
        <test-method status="PASS" signature="f()[pri:0, instance:Basictest.Unittest@573f2bb1]" name="f" duration-ms="30628" started-at="2016-04-18T16:49:11Z" finished-at="2016-04-18T16:49:42Z">
          <reporter-output>
          </reporter-output>
        </test-method> <!-- f -->
      </class> <!-- Basictest.Unittest -->
    </test> <!-- Default test -->
  </suite> <!-- Default suite -->
</testng-results>
